2024-10-03 00:14:15 - ERROR: Error executing tasks on server null: Task failed. Retrying.
2024-10-03 00:44:15 - ERROR: Error executing tasks on server MockServer1: Error during task execution: Task execution timed out after 500 milliseconds. Retrying.
2024-10-03 00:44:15 - ERROR: Task execution failed (Attempt 1): This task has already been completed
2024-10-03 00:44:16 - ERROR: Task PTask1 failed after 1 attempts.
2024-10-03 00:46:39 - ERROR: Error executing tasks on server MockServer1: Error during task execution: Task execution timed out after 500 milliseconds. Retrying.
2024-10-03 00:47:08 - ERROR: Task execution failed (Attempt 1): This task has already been completed
2024-10-03 00:47:35 - ERROR: Task PTask1 failed after 1 attempts.
2024-10-03 00:49:16 - ERROR: Error executing tasks on server MockServer1: Error during task execution: Task execution timed out after 500 milliseconds. Retrying.
2024-10-03 00:49:19 - ERROR: Task execution failed (Attempt 1): This task has already been completed
2024-10-03 00:49:32 - ERROR: Task PTask1 failed after 1 attempts.
2024-10-03 00:50:35 - ERROR: Error executing tasks on server MockServer1: Error during task execution: Task execution timed out after 500 milliseconds. Retrying.
2024-10-03 00:50:38 - ERROR: Task execution failed (Attempt 1): This task has already been completed
2024-10-03 00:50:39 - ERROR: Task PTask1 failed after 1 attempts.
2024-10-03 01:00:32 - ERROR: Error executing tasks on server MockServer1: Error during task execution: Task execution timed out after 500 milliseconds. Retrying.
2024-10-03 01:00:32 - ERROR: Task execution failed (Attempt 1): This task has already been completed
2024-10-03 01:00:33 - ERROR: Task PTask1 failed after 1 attempts.
2024-10-03 01:01:00 - ERROR: Error executing tasks on server MockServer1: Error during task execution: Task execution timed out after 500 milliseconds. Retrying.
2024-10-03 01:01:00 - ERROR: Task execution failed (Attempt 1): This task has already been completed
2024-10-03 01:01:01 - ERROR: Task PTask1 failed after 1 attempts.
2024-10-03 01:02:03 - ERROR: Error executing tasks on server MockServer1: Error during task execution: Task execution timed out after 500 milliseconds. Retrying.
2024-10-03 01:02:03 - ERROR: Task execution failed (Attempt 1): This task has already been completed
2024-10-03 01:02:04 - ERROR: Task PTask1 failed after 1 attempts.
2024-10-03 01:13:08 - ERROR: Error executing tasks on server TestServer: Error during task execution: Task execution timed out after 500 milliseconds. Retrying.
2024-10-03 01:13:08 - ERROR: Task execution failed (Attempt 1): This task has already been completed
2024-10-03 01:13:09 - ERROR: Task PTask1 failed after 1 attempts.
2024-10-03 02:09:27 - ERROR: Error executing tasks on server MockServer1: Error during task execution: Task execution timed out after 500 milliseconds. Retrying.
2024-10-03 02:09:27 - ERROR: Task execution failed (Attempt 1): This task has already been completed
2024-10-03 02:09:28 - ERROR: Task PTask1 failed after 1 attempts.
2024-10-03 02:10:01 - ERROR: Task null timed out.
2024-10-03 02:10:01 - ERROR: Error executing tasks: Task null timed out.
2024-10-03 02:12:29 - ERROR: Error executing tasks on server MockServer1: Error during task execution: Task execution timed out after 500 milliseconds. Retrying.
2024-10-03 02:12:29 - ERROR: Task execution failed (Attempt 1): This task has already been completed
2024-10-03 02:12:30 - ERROR: Task PTask1 failed after 1 attempts.
2024-10-03 02:13:11 - ERROR: Error executing tasks on server MockServer1: Error during task execution: Task execution timed out after 500 milliseconds. Retrying.
2024-10-03 02:13:11 - ERROR: Task execution failed (Attempt 1): This task has already been completed
2024-10-03 02:13:12 - ERROR: Task PTask1 failed after 1 attempts.
2024-10-03 12:33:16 - ERROR: Failed to load environment variables: .env (The system cannot find the file specified)
2024-10-03 12:33:16 - ERROR: Failed to load environment variables: .env (The system cannot find the file specified)
2024-10-03 12:33:16 - ERROR: Failed to load environment variables: .env (The system cannot find the file specified)
2024-10-03 12:33:16 - ERROR: Failed to load environment variables: .env (The system cannot find the file specified)
2024-10-03 12:33:16 - ERROR: Failed to load environment variables: .env (The system cannot find the file specified)
2024-10-03 12:33:16 - ERROR: Failed to load environment variables: .env (The system cannot find the file specified)
2024-10-03 12:33:16 - ERROR: Failed to load environment variables: .env (The system cannot find the file specified)
2024-10-03 12:33:36 - ERROR: Failed to load environment variables: .env (The system cannot find the file specified)
2024-10-03 12:34:16 - ERROR: Failed to load environment variables: .env (The system cannot find the file specified)
2024-10-03 12:39:50 - ERROR: Failed to load environment variables: .env (The system cannot find the file specified)
2024-10-03 12:40:01 - ERROR: Failed to load environment variables: .env (The system cannot find the file specified)
2024-10-03 12:40:21 - ERROR: Failed to load environment variables: .env (The system cannot find the file specified)
2024-10-03 12:40:21 - ERROR: Failed to load environment variables: .env (The system cannot find the file specified)
2024-10-03 12:40:21 - ERROR: Failed to load environment variables: .env (The system cannot find the file specified)
2024-10-03 12:40:21 - ERROR: Failed to load environment variables: .env (The system cannot find the file specified)
2024-10-03 12:40:21 - ERROR: Failed to load environment variables: .env (The system cannot find the file specified)
2024-10-03 12:40:21 - ERROR: Failed to load environment variables: .env (The system cannot find the file specified)
2024-10-03 12:40:21 - ERROR: Failed to load environment variables: .env (The system cannot find the file specified)
2024-10-03 12:40:49 - ERROR: Failed to load environment variables: .env (The system cannot find the file specified)
2024-10-03 12:41:04 - ERROR: Failed to load environment variables: .env (The system cannot find the file specified)
2024-10-03 12:41:26 - ERROR: Failed to load environment variables: .env (The system cannot find the file specified)
2024-10-03 12:41:47 - ERROR: Failed to load environment variables: .env (The system cannot find the file specified)
2024-10-03 12:42:01 - ERROR: Failed to load environment variables: .env (The system cannot find the file specified)
2024-10-03 12:47:15 - ERROR: Failed to load environment variables: test.env (The system cannot find the file specified)
2024-10-03 12:47:15 - ERROR: Test error message
2024-10-03 12:47:46 - ERROR: Failed to send email: Couldn't connect to host, port: smtp.google.com, 467; timeout -1
2024-10-03 12:50:14 - ERROR: Failed to load environment variables: test.env (The system cannot find the file specified)
2024-10-03 12:50:14 - ERROR: Test error message
2024-10-03 12:50:45 - ERROR: Failed to send email: Couldn't connect to host, port: smtp.google.com, 467; timeout -1
2024-10-03 12:59:46 - ERROR: Failed to load environment variables: test.env (The system cannot find the file specified)
2024-10-03 12:59:46 - ERROR: Test error message
2024-10-03 13:00:16 - ERROR: Failed to send email: Couldn't connect to host, port: smtp.google.com, 467; timeout -1
2024-10-03 13:03:59 - ERROR: Failed to load environment variables: test.env (The system cannot find the file specified)
2024-10-03 13:03:59 - ERROR: Test error message
2024-10-03 13:04:30 - ERROR: Failed to send email: Couldn't connect to host, port: smtp.google.com, 467; timeout -1
2024-10-03 13:07:38 - ERROR: Failed to load environment variables: test.env (The system cannot find the file specified)
2024-10-03 13:07:38 - ERROR: Test error message
2024-10-03 13:08:09 - ERROR: Failed to send email: Couldn't connect to host, port: smtp.google.com, 467; timeout -1
2024-10-03 13:09:43 - ERROR: Test error message
2024-10-03 13:10:16 - ERROR: Test error message
2024-10-03 13:11:34 - ERROR: Failed to send email: Couldn't connect to host, port: smtp.google.com, 467; timeout -1
2024-10-03 13:13:37 - ERROR: Test error message
2024-10-03 13:14:55 - ERROR: Test error message
2024-10-03 20:13:12 - ERROR: Error starting remote server remoteServer1 on port 3000
2024-10-03 20:13:39 - ERROR: Error starting remote server remoteServer1 on port 3000
2024-10-03 20:16:08 - ERROR: Error starting remote server remoteServer1 on port 3000
2024-10-03 20:18:32 - ERROR: Error starting remote server remoteServerTest1 on port 3000
2024-10-03 20:18:49 - ERROR: Error starting remote server remoteServerTest1 on port 3000
2024-10-03 20:19:06 - ERROR: Error starting remote server remoteServerTest1 on port 3000
2024-10-03 20:20:48 - ERROR: Error starting remote server remoteServer1 on port 3000
2024-10-03 20:21:19 - ERROR: Error starting remote server remoteServer1 on port 3000
2024-10-03 20:21:19 - ERROR: Error starting remote server remoteServer3 on port 3000
2024-10-03 20:21:29 - ERROR: Error starting remote server remoteServer3 on port 3000
2024-10-03 20:21:29 - ERROR: Error starting remote server remoteServer1 on port 3000
2024-10-03 20:21:40 - ERROR: Error starting remote server remoteServer3 on port 3000
2024-10-03 20:21:40 - ERROR: Error starting remote server remoteServer1 on port 3000
2024-10-03 20:22:51 - ERROR: Error starting remote server remoteServer1 on port 3000
2024-10-03 20:22:51 - ERROR: Error starting remote server remoteServer3 on port 3000
2024-10-03 20:28:36 - ERROR: Error starting remote server remoteServer3 on port 3000
2024-10-03 20:28:36 - ERROR: Error starting remote server remoteServer1 on port 3000
2024-10-03 20:28:39 - ERROR: Error starting remote server remoteServer1 on port 3000: Address already in use: bind
2024-10-03 20:28:39 - ERROR: Error starting remote server remoteServer3 on port 3000: Address already in use: bind
2024-10-03 20:29:43 - ERROR: Error starting remote server remoteServer1 on port 3000: Address already in use: bind
2024-10-03 20:29:43 - ERROR: Error starting remote server remoteServer3 on port 3000: Address already in use: bind
2024-10-03 20:31:55 - ERROR: Error starting remote server remoteServer1 on port 3000: Address already in use: bind
2024-10-03 20:31:55 - ERROR: Error starting remote server remoteServer3 on port 3000: Address already in use: bind
2024-10-03 20:33:14 - ERROR: Error starting remote server remoteServer3 on port 3000: Address already in use: bind
2024-10-03 20:33:14 - ERROR: Error starting remote server remoteServer1 on port 3000: Address already in use: bind
2024-10-03 20:34:53 - ERROR: Error starting remote server remoteServer3 on port 3000: Address already in use: bind
2024-10-03 20:34:53 - ERROR: Error starting remote server remoteServer1 on port 3000: Address already in use: bind
2024-10-03 20:35:29 - ERROR: Error starting remote server remoteServer1 on port 3000: Address already in use: bind
2024-10-03 20:35:32 - ERROR: Error starting remote server remoteServer3 on port 3000: Address already in use: bind
2024-10-03 20:36:34 - ERROR: Error starting remote server remoteServer3 on port 3000: Address already in use: bind
2024-10-03 20:36:34 - ERROR: Error starting remote server remoteServer1 on port 3000: Address already in use: bind
2024-10-03 20:36:40 - ERROR: Error starting remote server remoteServer3 on port 3000: Address already in use: bind
2024-10-03 20:36:40 - ERROR: Error starting remote server remoteServer1 on port 3000: Address already in use: bind
2024-10-03 20:38:22 - ERROR: Error starting remote server remoteServer3 on port 3000: Address already in use: bind
2024-10-03 20:38:22 - ERROR: Error starting remote server remoteServer1 on port 3000: Address already in use: bind
2024-10-03 20:40:36 - ERROR: Error starting remote server remoteServer1 on port 3000: Address already in use: bind
2024-10-03 20:42:13 - ERROR: Error starting remote server remoteServer1 on port 3000: Address already in use: bind
2024-10-03 20:44:16 - ERROR: Error starting remote server remoteServer1 on port 3000: Address already in use: bind
2024-10-03 20:45:05 - ERROR: Error starting remote server remoteServer1 on port 3000: Address already in use: bind
2024-10-03 20:45:05 - ERROR: Error starting remote server remoteServer1 on port 3000: Address already in use: bind
2024-10-03 20:45:05 - ERROR: Error starting remote server remoteServer1 on port 3000: Address already in use: bind
2024-10-03 20:45:05 - ERROR: Error starting remote server remoteServer1 on port 3000: Address already in use: bind
2024-10-03 20:45:05 - ERROR: Error starting remote server remoteServer1 on port 3000: Address already in use: bind
2024-10-03 20:45:18 - ERROR: Error starting remote server remoteServer1 on port 3000: Address already in use: bind
2024-10-03 20:45:18 - ERROR: Error starting remote server remoteServer1 on port 3000: Address already in use: bind
2024-10-03 20:45:18 - ERROR: Error starting remote server remoteServer1 on port 3000: Address already in use: bind
2024-10-03 20:45:18 - ERROR: Error starting remote server remoteServer1 on port 3000: Address already in use: bind
2024-10-03 20:45:18 - ERROR: Error starting remote server remoteServer1 on port 3000: Address already in use: bind
2024-10-03 20:48:50 - ERROR: Error starting remote server remoteServer1 on port 3000: Address already in use: bind
2024-10-03 20:49:09 - ERROR: Error starting remote server remoteServer1 on port 3000: Address already in use: bind
2024-10-03 20:50:01 - ERROR: Error starting remote server r1 on port 3000: Address already in use: bind
2024-10-03 20:52:55 - ERROR: Error starting remote server r1 on port 3000: Address already in use: bind
2024-10-03 20:53:04 - ERROR: Error starting remote server remoteServer1 on port 3000: Address already in use: bind
2024-10-03 20:56:51 - ERROR: Error starting remote server remoteServer1 on port 3000: Address already in use: bind
2024-10-03 20:57:23 - ERROR: Error starting remote server remoteServer1 on port 3000: Address already in use: bind
2024-10-03 20:57:33 - ERROR: Error starting remote server remoteServer1 on port 3000: Address already in use: bind
2024-10-03 20:57:33 - ERROR: Error starting remote server remoteServer2 on port 3001: Address already in use: bind
2024-10-03 20:57:35 - ERROR: Error starting remote server remoteServer1 on port 3000: Address already in use: bind
2024-10-03 20:57:35 - ERROR: Error starting remote server remoteServer2 on port 3001: Address already in use: bind
2024-10-03 20:57:35 - ERROR: Failed to read incoming object on r1 listening on port 3000
2024-10-03 21:00:55 - ERROR: Error starting remote server r1 on port 3000: Address already in use: bind
2024-10-03 21:09:15 - ERROR: Error starting remote server remoteServer1 on port 3000: Address already in use: bind
2024-10-03 21:10:23 - ERROR: Error starting remote server remoteServer3 on port 3000: Address already in use: bind
2024-10-03 21:10:23 - ERROR: Error starting remote server remoteServer1 on port 3000: Address already in use: bind
2024-10-03 21:10:55 - ERROR: Error starting remote server remoteServer1 on port 3000: Address already in use: bind
2024-10-03 21:10:55 - ERROR: Error starting remote server remoteServer3 on port 3000: Address already in use: bind
2024-10-03 21:11:38 - ERROR: Error starting remote server remoteServer3 on port 3000: Address already in use: bind
2024-10-03 21:11:38 - ERROR: Error starting remote server remoteServer1 on port 3000: Address already in use: bind
2024-10-03 21:12:14 - ERROR: Error starting remote server remoteServer1 on port 3000: Address already in use: bind
2024-10-03 21:12:14 - ERROR: Error starting remote server remoteServer3 on port 3000: Address already in use: bind
2024-10-03 21:31:41 - ERROR: Error starting remote server remoteServer3 on port 3000: Address already in use: bind
2024-10-03 21:31:41 - ERROR: Error starting remote server remoteServer1 on port 3000: Address already in use: bind
2024-10-03 23:03:29 - ERROR: Error executing tasks on server MockServer1: Error during task execution: Task execution timed out after 500 milliseconds. Retrying.
2024-10-03 23:03:51 - ERROR: Task execution failed (Attempt 1): This task has already been completed
2024-10-03 23:04:14 - ERROR: Task PTask1 failed after 1 attempts.
2024-10-03 23:54:31 - ERROR: Test error message
