2024-10-02 19:48:29 - INFO: Added task null to server server1
2024-10-02 19:48:29 - INFO: Added task null to server server1
2024-10-02 19:48:29 - INFO: Added task null to server server1
2024-10-02 19:48:29 - INFO: Added task null to server server1
2024-10-02 19:48:29 - INFO: Added task null to server server1
2024-10-02 19:48:29 - INFO: Added task null to server server1
2024-10-02 19:48:29 - INFO: Added task null to server server1
2024-10-02 19:48:29 - INFO: Added task null to server server1
2024-10-02 19:48:29 - INFO: Added task null to server server1
2024-10-02 19:48:29 - INFO: Added task null to server server1
2024-10-02 19:48:29 - INFO: Added task null to server server1
2024-10-02 19:48:29 - INFO: Added task null to server server1
2024-10-02 19:48:29 - INFO: Added task null to server server1
2024-10-02 19:48:29 - INFO: Added task null to server server1
2024-10-02 19:48:29 - INFO: Added task null to server server1
2024-10-02 19:48:29 - INFO: Added task null to server server1
2024-10-02 19:56:19 - INFO: Added task null to server server1
2024-10-02 19:56:19 - INFO: Added task null to server server1
2024-10-02 19:56:19 - INFO: Task null executed successfully.
2024-10-02 19:56:19 - INFO: Task null executed successfully.
2024-10-02 19:58:44 - INFO: Added task null to server server1
2024-10-02 19:58:44 - INFO: Added task null to server server1
2024-10-02 19:58:45 - INFO: Task null executed successfully.
2024-10-02 19:58:45 - INFO: Task null executed successfully.
2024-10-02 19:59:58 - INFO: Added task null to server server1
2024-10-02 19:59:58 - INFO: Added task null to server server1
2024-10-02 19:59:58 - INFO: Task null executed successfully.
2024-10-02 19:59:58 - INFO: Task null executed successfully.
2024-10-02 20:00:09 - INFO: Added task null to server server1
2024-10-02 20:00:09 - INFO: Added task null to server server1
2024-10-02 20:00:09 - INFO: Task null executed successfully.
2024-10-02 20:00:09 - INFO: Task null executed successfully.
2024-10-02 20:00:23 - INFO: Added task null to server server1
2024-10-02 20:00:23 - INFO: Added task null to server server1
2024-10-02 20:00:23 - INFO: Task null executed successfully.
2024-10-02 20:00:23 - INFO: Task null executed successfully.
2024-10-02 20:00:59 - INFO: Added task null to server server1
2024-10-02 20:01:00 - INFO: Added task null to server server1
2024-10-02 20:01:19 - INFO: Task null executed successfully.
2024-10-02 20:01:30 - INFO: Task null executed successfully.
2024-10-02 20:02:45 - INFO: Added task null to server server1
2024-10-02 20:02:45 - INFO: Added task null to server server1
2024-10-02 20:02:45 - INFO: Task null executed successfully.
2024-10-02 20:02:45 - INFO: Task null executed successfully.
2024-10-02 20:04:53 - INFO: Added task null to server server1
2024-10-02 20:04:53 - INFO: Task null executed successfully.
2024-10-02 20:11:08 - INFO: Added task null to server server1
2024-10-02 20:11:08 - INFO: Added task null to server server1
2024-10-02 20:11:08 - INFO: Task null executed successfully.
2024-10-02 20:11:08 - INFO: Task null executed successfully.
2024-10-02 20:13:03 - INFO: Added task null to server server1
2024-10-02 20:13:03 - INFO: Added task null to server server1
2024-10-02 20:13:03 - INFO: Task null executed successfully.
2024-10-02 20:13:03 - INFO: Task null executed successfully.
2024-10-02 20:15:34 - INFO: Added task null to server server1
2024-10-02 20:15:34 - INFO: Added task null to server server1
2024-10-02 20:15:34 - INFO: Task null executed successfully.
2024-10-02 20:16:19 - INFO: Added task null to server server1
2024-10-02 20:16:19 - INFO: Added task null to server server1
2024-10-02 20:16:19 - INFO: Task null executed successfully.
2024-10-02 20:16:32 - INFO: Added task null to server server1
2024-10-02 20:16:32 - INFO: Task null executed successfully.
2024-10-02 20:17:09 - INFO: Added task null to server server1
2024-10-02 20:17:09 - INFO: Task null executed successfully.
2024-10-02 20:17:39 - INFO: Added task null to server server1
2024-10-02 20:17:55 - INFO: Task null executed successfully.
2024-10-02 20:18:33 - INFO: Added task null to server server1
2024-10-02 20:29:47 - INFO: Task null executed successfully.
2024-10-02 20:30:11 - INFO: Added task null to server server1
2024-10-02 20:33:19 - INFO: Task null executed successfully.
2024-10-02 20:33:25 - INFO: Added task null to server server1
2024-10-02 20:33:50 - INFO: Task null executed successfully.
2024-10-02 20:34:28 - INFO: Added task null to server server1
2024-10-02 20:34:50 - INFO: Task null executed successfully.
2024-10-02 20:38:45 - INFO: Added task null to server server1
2024-10-02 20:42:02 - INFO: Added task null to server server1
2024-10-02 20:42:02 - INFO: Task null executed successfully.
2024-10-02 20:42:22 - INFO: Added task null to server server1
2024-10-02 20:44:44 - INFO: Task null executed successfully.
2024-10-02 20:44:56 - INFO: Added task null to server server1
2024-10-02 20:50:14 - INFO: Added task null to server server1
2024-10-02 20:55:41 - INFO: Added task null to server server1
2024-10-02 20:59:11 - INFO: Added task null to server server1
2024-10-02 20:59:47 - INFO: Added task null to server server1
2024-10-02 21:01:31 - INFO: Added task null to server server1
2024-10-02 21:02:25 - INFO: Added task null to server server1
2024-10-02 22:38:06 - INFO: Task null is a priority task, casting to no dependency dependent task.
2024-10-02 22:38:06 - INFO: Scheduling task null with priority LOW and 0 dependencies
2024-10-02 22:38:06 - INFO: Added task null to server null
2024-10-02 22:38:06 - INFO: Task null is a priority task, casting to no dependency dependent task.
2024-10-02 22:38:06 - INFO: Scheduling task null with priority LOW and 0 dependencies
2024-10-02 22:38:06 - INFO: Added task null to server null
2024-10-02 22:38:06 - INFO: Task null is a priority task, casting to no dependency dependent task.
2024-10-02 22:38:06 - INFO: Scheduling task null with priority LOW and 0 dependencies
2024-10-02 22:38:06 - INFO: Task null is a base task, casting to low priority task.
2024-10-02 22:38:06 - INFO: Task null is a priority task, casting to no dependency dependent task.
2024-10-02 22:38:06 - INFO: Scheduling task null with priority LOW and 0 dependencies
2024-10-02 22:38:06 - INFO: Added task null to server null
2024-10-02 22:45:48 - INFO: Added task null to server server1
2024-10-02 22:45:49 - INFO: Added task null to server server1
2024-10-02 22:45:49 - INFO: Added task null to server server1
2024-10-02 22:45:49 - INFO: Added task null to server server1
2024-10-02 22:45:49 - INFO: Added task null to server server1
2024-10-02 22:45:49 - INFO: Added task null to server server1
2024-10-02 22:45:49 - INFO: Added task null to server server1
2024-10-02 22:45:49 - INFO: Added task null to server server1
2024-10-02 22:45:49 - INFO: Added task null to server server1
2024-10-02 22:45:49 - INFO: Added task null to server server1
2024-10-02 22:45:49 - INFO: Added task null to server server1
2024-10-02 22:45:49 - INFO: Added task null to server server1
2024-10-02 22:45:49 - INFO: Added task null to server server1
2024-10-02 22:45:49 - INFO: Task null executed successfully.
2024-10-02 22:45:49 - INFO: Added task null to server server1
2024-10-02 22:45:49 - INFO: Added task null to server server1
2024-10-02 22:45:49 - INFO: Added task null to server server1
2024-10-02 22:45:49 - INFO: Added task null to server server1
2024-10-02 22:45:49 - INFO: Task null executed successfully.
2024-10-02 22:45:49 - INFO: Task null executed successfully.
2024-10-02 23:24:20 - INFO: Task null is a priority task, casting to no dependency dependent task.
2024-10-02 23:24:20 - INFO: Scheduling task null with priority LOW and 0 dependencies
2024-10-02 23:27:32 - INFO: Task null is a priority task, casting to no dependency dependent task.
2024-10-02 23:27:32 - INFO: Scheduling task null with priority LOW and 0 dependencies
2024-10-02 23:28:08 - INFO: Task null is a priority task, casting to no dependency dependent task.
2024-10-02 23:28:08 - INFO: Scheduling task null with priority LOW and 0 dependencies
2024-10-02 23:28:29 - INFO: Task null is a priority task, casting to no dependency dependent task.
2024-10-02 23:28:29 - INFO: Scheduling task null with priority LOW and 0 dependencies
2024-10-02 23:29:38 - INFO: Task null is a priority task, casting to no dependency dependent task.
2024-10-02 23:29:47 - INFO: Scheduling task null with priority LOW and 0 dependencies
2024-10-02 23:31:14 - INFO: Task null is a priority task, casting to no dependency dependent task.
2024-10-02 23:31:14 - INFO: Scheduling task null with priority HIGH and 0 dependencies
2024-10-02 23:32:28 - INFO: Task Mock server 1 is a priority task, casting to no dependency dependent task.
2024-10-02 23:32:50 - INFO: Scheduling task Mock server 1 with priority HIGH and 0 dependencies
2024-10-02 23:33:19 - INFO: Task Mock server 1 is a priority task, casting to no dependency dependent task.
2024-10-02 23:33:19 - INFO: Scheduling task Mock server 1 with priority HIGH and 0 dependencies
2024-10-02 23:34:29 - INFO: Task null is a priority task, casting to no dependency dependent task.
2024-10-02 23:34:29 - INFO: Scheduling task null with priority HIGH and 0 dependencies
2024-10-02 23:34:29 - INFO: Added task null to server null
2024-10-02 23:41:26 - INFO: Task null is a priority task, casting to no dependency dependent task.
2024-10-02 23:41:26 - INFO: Scheduling task null with priority LOW and 0 dependencies
2024-10-02 23:41:26 - INFO: Added task null to server null
2024-10-02 23:48:54 - INFO: Task null is a priority task, casting to no dependency dependent task.
2024-10-02 23:48:56 - INFO: Scheduling task null with priority HIGH and 0 dependencies
2024-10-02 23:51:45 - INFO: Task null is a priority task, casting to no dependency dependent task.
2024-10-02 23:51:45 - INFO: Scheduling task null with priority HIGH and 0 dependencies
2024-10-02 23:51:45 - INFO: Task null is a priority task, casting to no dependency dependent task.
2024-10-02 23:51:45 - INFO: Scheduling task null with priority LOW and 0 dependencies
2024-10-02 23:51:45 - INFO: Added task null to server null
2024-10-02 23:53:31 - INFO: Task null is a priority task, casting to no dependency dependent task.
2024-10-02 23:53:31 - INFO: Scheduling task null with priority HIGH and 0 dependencies
2024-10-02 23:53:31 - INFO: Task null is a priority task, casting to no dependency dependent task.
2024-10-02 23:53:31 - INFO: Scheduling task null with priority LOW and 0 dependencies
2024-10-02 23:53:31 - INFO: Added task null to server null
2024-10-02 23:53:31 - INFO: Added task null to server null
2024-10-02 23:53:40 - INFO: Executed tasks on server null: 1 tasks completed.
2024-10-02 23:53:41 - INFO: Executed tasks on server null: 2 tasks completed.
2024-10-02 23:55:34 - INFO: Task mockPriorityTask1 is a priority task, casting to no dependency dependent task.
2024-10-02 23:55:34 - INFO: Scheduling task mockPriorityTask1 with priority HIGH and 0 dependencies
2024-10-02 23:55:34 - INFO: Task mockPriorityTask2 is a priority task, casting to no dependency dependent task.
2024-10-02 23:55:34 - INFO: Scheduling task mockPriorityTask2 with priority LOW and 0 dependencies
2024-10-02 23:55:34 - INFO: Added task mockPriorityTask1 to server null
2024-10-02 23:55:34 - INFO: Added task mockPriorityTask2 to server null
2024-10-02 23:56:09 - INFO: Executed tasks on server null: 1 tasks completed.
2024-10-02 23:56:14 - INFO: Executed tasks on server null: 2 tasks completed.
